<?xml version="1.0" encoding="UTF-8"?>
<!-- Generated by org.testng.reporters.JUnitXMLReporter -->
<testsuite ignored="0" hostname="PIL-L-L-21-032" failures="0" tests="2" name="Adjustment Report Test cases" time="140.036" errors="0" timestamp="2021-06-15T12:00:00 IST">
  <testcase classname="testCases.Adjustments_Report" name="clickReports" time="0.002"/>
  <testcase classname="testCases.Adjustments_Report" name="AdjustReport" time="140.031"/>
</testsuite> <!-- Adjustment Report Test cases -->
