<?xml version="1.0" encoding="UTF-8"?>
<!-- Generated by org.testng.reporters.JUnitXMLReporter -->
<testsuite ignored="0" hostname="PIL-L-L-21-032" failures="0" tests="2" name="AP Aging Details Test cases" time="180.889" errors="0" timestamp="2021-06-15T12:07:24 IST">
  <testcase classname="testCases.AP_Aging_Details_Report" name="clickReports" time="0.002"/>
  <testcase classname="testCases.AP_Aging_Details_Report" name="APAgingDetailsReport" time="180.886"/>
</testsuite> <!-- AP Aging Details Test cases -->
