<?xml version="1.0" encoding="UTF-8"?>
<!-- Generated by org.testng.reporters.JUnitXMLReporter -->
<testsuite ignored="0" hostname="PIL-L-L-21-032" failures="0" tests="2" name="AP Aging Summary Test cases" time="182.462" errors="0" timestamp="2021-06-15T12:10:26 IST">
  <testcase classname="testCases.AP_Aging_Summary_Report" name="clickReports" time="0.002"/>
  <testcase classname="testCases.AP_Aging_Summary_Report" name="APAgingSummaryReport" time="182.458"/>
</testsuite> <!-- AP Aging Summary Test cases -->
