<?xml version="1.0" encoding="UTF-8"?>
<!-- Generated by org.testng.reporters.JUnitXMLReporter -->
<testsuite ignored="0" hostname="PIL-L-L-21-032" failures="0" tests="2" name="AR Aging Summary Test cases" time="114.593" errors="0" timestamp="2021-06-15T11:57:40 IST">
  <testcase classname="testCases.AR_Aging_Summary_Report" name="clickReports" time="0.001"/>
  <testcase classname="testCases.AR_Aging_Summary_Report" name="ARAgingSummary" time="114.591"/>
</testsuite> <!-- AR Aging Summary Test cases -->
