<?xml version="1.0" encoding="UTF-8"?>
<!-- Generated by org.testng.reporters.JUnitXMLReporter -->
<testsuite ignored="0" hostname="PIL-L-L-21-032" failures="0" tests="2" name="AR Aging Details Test cases" time="114.441" errors="0" timestamp="2021-06-15T11:55:45 IST">
  <testcase classname="testCases.AR_Aging_Details_Report" name="clickReports" time="2.074"/>
  <testcase classname="testCases.AR_Aging_Details_Report" name="ARAgingdetails" time="112.365"/>
</testsuite> <!-- AR Aging Details Test cases -->
