<?xml version="1.0" encoding="UTF-8"?>
<!-- Generated by org.testng.reporters.JUnitXMLReporter -->
<testsuite ignored="0" hostname="PIL-L-L-21-032" failures="0" tests="14" name="Cash Postings Test cases" time="148.645" errors="0" timestamp="2021-05-17T17:00:29 IST">
  <testcase classname="testCases.Cash_Postings_List" name="clickServiceMenu" time="0.012"/>
  <testcase classname="testCases.Cash_Postings_List" name="clickCashPost" time="2.69"/>
  <testcase classname="testCases.Cash_Postings_List" name="verifyExpand" time="10.457"/>
  <testcase classname="testCases.Cash_Postings_List" name="VerifyNoResult" time="19.833"/>
  <testcase classname="testCases.Cash_Postings_List" name="clearsearch" time="2.261"/>
  <testcase classname="testCases.Cash_Postings_List" name="VerifySort" time="19.034"/>
  <testcase classname="testCases.Cash_Postings_List" name="VerifyPagination" time="4.31"/>
  <testcase classname="testCases.Cash_Postings_List" name="VerifySearchResult" time="17.821"/>
  <testcase classname="testCases.Cash_Postings_List" name="GetResult" time="0.768"/>
  <testcase classname="testCases.Cash_Postings_List" name="GoToDetails" time="5.579"/>
  <testcase classname="testCases.Cash_Postings_List" name="GoBackList" time="2.768"/>
  <testcase classname="testCases.Cash_Postings_List" name="VerifyAddNewvalidation" time="15.263"/>
  <testcase classname="testCases.Cash_Postings_List" name="AddCancelValidation" time="21.574"/>
  <testcase classname="testCases.Cash_Postings_List" name="AddNewCP" time="26.19"/>
</testsuite> <!-- Cash Postings Test cases -->
