<?xml version="1.0" encoding="UTF-8"?>
<!-- Generated by org.testng.reporters.JUnitXMLReporter -->
<testsuite ignored="0" hostname="PIL-L-L-21-032" failures="0" tests="17" name="Client Contract Details Test cases" time="226.393" errors="0" timestamp="2021-06-15T10:57:37 IST">
  <testcase classname="testCases.Client_Contract_Details" name="clientdetails" time="6.83"/>
  <testcase classname="testCases.Client_Contract_Details" name="verifyexpandcollapse" time="18.741"/>
  <testcase classname="testCases.Client_Contract_Details" name="verifystatus" time="0.071"/>
  <testcase classname="testCases.Client_Contract_Details" name="verifyPOvalidationmsg" time="10.399"/>
  <testcase classname="testCases.Client_Contract_Details" name="verifyAddPO" time="25.318"/>
  <testcase classname="testCases.Client_Contract_Details" name="VerifyPOSearch" time="4.312"/>
  <testcase classname="testCases.Client_Contract_Details" name="VerifyEditPO" time="10.659"/>
  <testcase classname="testCases.Client_Contract_Details" name="deletePO" time="20.734"/>
  <testcase classname="testCases.Client_Contract_Details" name="verifyPOSorting" time="6.415"/>
  <testcase classname="testCases.Client_Contract_Details" name="verifyYOSorting" time="2.21"/>
  <testcase classname="testCases.Client_Contract_Details" name="VerifyViewall" time="4.369"/>
  <testcase classname="testCases.Client_Contract_Details" name="UpdateClientDetails" time="21.126"/>
  <testcase classname="testCases.Client_Contract_Details" name="SaveClientDetails" time="4.117"/>
  <testcase classname="testCases.Client_Contract_Details" name="SubmitClientDetails" time="10.322"/>
  <testcase classname="testCases.Client_Contract_Details" name="RejectClientDetails" time="14.895"/>
  <testcase classname="testCases.Client_Contract_Details" name="CDBatchupdate" time="62.184"/>
  <testcase classname="testCases.Client_Contract_Details" name="CDCancel" time="3.668"/>
</testsuite> <!-- Client Contract Details Test cases -->
