<?xml version="1.0" encoding="UTF-8"?>
<!-- Generated by org.testng.reporters.JUnitXMLReporter -->
<testsuite ignored="0" hostname="PIL-L-L-21-032" failures="0" tests="16" name="Client Pricing Schedule Listing Test cases" time="131.906" errors="0" timestamp="2021-06-15T10:59:49 IST">
  <testcase classname="testCases.Client_PricingSchedule_List" name="clicksetup" time="0.005"/>
  <testcase classname="testCases.Client_PricingSchedule_List" name="clickCPSMenu" time="3.581"/>
  <testcase classname="testCases.Client_PricingSchedule_List" name="ExpandCollapse" time="10.541"/>
  <testcase classname="testCases.Client_PricingSchedule_List" name="SelectClient" time="2.179"/>
  <testcase classname="testCases.Client_PricingSchedule_List" name="SelectLOB" time="2.169"/>
  <testcase classname="testCases.Client_PricingSchedule_List" name="SelectType" time="2.122"/>
  <testcase classname="testCases.Client_PricingSchedule_List" name="SelectStatus" time="2.097"/>
  <testcase classname="testCases.Client_PricingSchedule_List" name="SelectStartDate" time="2.208"/>
  <testcase classname="testCases.Client_PricingSchedule_List" name="SelectEndDate" time="2.198"/>
  <testcase classname="testCases.Client_PricingSchedule_List" name="ClickSearch" time="2.095"/>
  <testcase classname="testCases.Client_PricingSchedule_List" name="Searchresult" time="2.043"/>
  <testcase classname="testCases.Client_PricingSchedule_List" name="ClearSearch" time="8.401"/>
  <testcase classname="testCases.Client_PricingSchedule_List" name="SortColumn" time="33.168"/>
  <testcase classname="testCases.Client_PricingSchedule_List" name="PaginationColumn" time="10.295"/>
  <testcase classname="testCases.Client_PricingSchedule_List" name="VerifyAddNewvalidation" time="25.552"/>
  <testcase classname="testCases.Client_PricingSchedule_List" name="AddNew" time="23.228"/>
</testsuite> <!-- Client Pricing Schedule Listing Test cases -->
