<?xml version="1.0" encoding="UTF-8"?>
<!-- Generated by org.testng.reporters.JUnitXMLReporter -->
<testsuite ignored="0" hostname="PIL-L-L-21-032" failures="0" tests="13" name="Client Contract Listing Test cases" time="182.2" errors="0" timestamp="2021-06-15T10:53:50 IST">
  <testcase classname="testCases.Client_Contract_List" name="clicksetup" time="0.15"/>
  <testcase classname="testCases.Client_Contract_List" name="clientcontract" time="14.57"/>
  <testcase classname="testCases.Client_Contract_List" name="Selectid" time="5.606"/>
  <testcase classname="testCases.Client_Contract_List" name="selectlob" time="4.448"/>
  <testcase classname="testCases.Client_Contract_List" name="selectdate" time="8.671"/>
  <testcase classname="testCases.Client_Contract_List" name="searchsubmit" time="2.102"/>
  <testcase classname="testCases.Client_Contract_List" name="searchresult" time="0.037"/>
  <testcase classname="testCases.Client_Contract_List" name="clearsearch" time="2.266"/>
  <testcase classname="testCases.Client_Contract_List" name="sortcolumn" time="37.47"/>
  <testcase classname="testCases.Client_Contract_List" name="ccpagination" time="10.272"/>
  <testcase classname="testCases.Client_Contract_List" name="verifysearchresult" time="21.825"/>
  <testcase classname="testCases.Client_Contract_List" name="clientdetails" time="0.884"/>
  <testcase classname="testCases.Client_Contract_List" name="checkUnsave" time="73.828"/>
</testsuite> <!-- Client Contract Listing Test cases -->
