<?xml version="1.0" encoding="UTF-8"?>
<!-- Generated by org.testng.reporters.JUnitXMLReporter -->
<testsuite ignored="0" hostname="PIL-L-L-21-032" failures="0" tests="20" name="Client Pricing Schedule CLIN Detail Test cases" time="314.376" errors="0" timestamp="2021-06-15T11:05:03 IST">
  <testcase classname="testCases.Client_PricingScheduleCLIN_Detail" name="CPSDetailTC" time="0.0"/>
  <testcase classname="testCases.Client_PricingScheduleCLIN_Detail" name="SearchRecord" time="19.74"/>
  <testcase classname="testCases.Client_PricingScheduleCLIN_Detail" name="GoDetails" time="2.815"/>
  <testcase classname="testCases.Client_PricingScheduleCLIN_Detail" name="CLINExpand" time="10.312"/>
  <testcase classname="testCases.Client_PricingScheduleCLIN_Detail" name="AddBillingClinValidation" time="33.283"/>
  <testcase classname="testCases.Client_PricingScheduleCLIN_Detail" name="BillclinSearch" time="2.212"/>
  <testcase classname="testCases.Client_PricingScheduleCLIN_Detail" name="Editclinbill" time="12.565"/>
  <testcase classname="testCases.Client_PricingScheduleCLIN_Detail" name="ValidateExcelImport" time="10.295"/>
  <testcase classname="testCases.Client_PricingScheduleCLIN_Detail" name="VerifyDownload" time="2.248"/>
  <testcase classname="testCases.Client_PricingScheduleCLIN_Detail" name="VerifyInvalidUploadTemplate" time="6.19"/>
  <testcase classname="testCases.Client_PricingScheduleCLIN_Detail" name="VerifyValidUploadTemplate" time="16.562"/>
  <testcase classname="testCases.Client_PricingScheduleCLIN_Detail" name="SortBillingClinCode" time="16.512"/>
  <testcase classname="testCases.Client_PricingScheduleCLIN_Detail" name="deleteuploadedClin" time="26.988"/>
  <testcase classname="testCases.Client_PricingScheduleCLIN_Detail" name="SaveSatus" time="4.105"/>
  <testcase classname="testCases.Client_PricingScheduleCLIN_Detail" name="SubmitSatus" time="8.319"/>
  <testcase classname="testCases.Client_PricingScheduleCLIN_Detail" name="RejectStatus" time="16.641"/>
  <testcase classname="testCases.Client_PricingScheduleCLIN_Detail" name="AuditHistory" time="8.31"/>
  <testcase classname="testCases.Client_PricingScheduleCLIN_Detail" name="CancelStatus" time="0.857"/>
  <testcase classname="testCases.Client_PricingScheduleCLIN_Detail" name="CloneCreatedRecord" time="76.32"/>
  <testcase classname="testCases.Client_PricingScheduleCLIN_Detail" name="DeleteMasterRecord" time="40.082"/>
</testsuite> <!-- Client Pricing Schedule CLIN Detail Test cases -->
