<?xml version="1.0" encoding="UTF-8"?>
<!-- Generated by org.testng.reporters.JUnitXMLReporter -->
<testsuite ignored="0" hostname="PIL-L-L-21-032" failures="0" tests="14" name="Medicare OWCP Factor Schedule List Test cases" time="95.873" errors="0" timestamp="2021-06-15T11:11:46 IST">
  <testcase classname="testCases.MedicareOWCP_List" name="GoToMedicaremenu" time="2.003"/>
  <testcase classname="testCases.MedicareOWCP_List" name="GoToMOListmenu" time="2.965"/>
  <testcase classname="testCases.MedicareOWCP_List" name="ExpandCollapse" time="6.22"/>
  <testcase classname="testCases.MedicareOWCP_List" name="SelectType" time="2.099"/>
  <testcase classname="testCases.MedicareOWCP_List" name="SelectStartDate" time="2.17"/>
  <testcase classname="testCases.MedicareOWCP_List" name="SelectEndDate" time="2.133"/>
  <testcase classname="testCases.MedicareOWCP_List" name="SelectStatus" time="2.163"/>
  <testcase classname="testCases.MedicareOWCP_List" name="ClickSearch" time="2.116"/>
  <testcase classname="testCases.MedicareOWCP_List" name="Searchresult" time="2.037"/>
  <testcase classname="testCases.MedicareOWCP_List" name="ClearSearch" time="8.348"/>
  <testcase classname="testCases.MedicareOWCP_List" name="SortColumn" time="28.943"/>
  <testcase classname="testCases.MedicareOWCP_List" name="PaginationColumn" time="10.3"/>
  <testcase classname="testCases.MedicareOWCP_List" name="VerifyAddNewvalidation" time="12.992"/>
  <testcase classname="testCases.MedicareOWCP_List" name="AddNew" time="11.365"/>
</testsuite> <!-- Medicare OWCP Factor Schedule List Test cases -->
