<?xml version="1.0" encoding="UTF-8"?>
<!-- Generated by org.testng.reporters.JUnitXMLReporter -->
<testsuite ignored="0" hostname="PIL-L-L-21-032" failures="0" tests="21" name="Medicare Factor Schedule Detail Test cases" time="297.244" errors="0" timestamp="2021-06-15T11:16:43 IST">
  <testcase classname="testCases.Medicare_Detail" name="MedicareDetailTC" time="0.001"/>
  <testcase classname="testCases.Medicare_Detail" name="MedicareSearchRecord" time="17.204"/>
  <testcase classname="testCases.Medicare_Detail" name="GoDetails" time="2.623"/>
  <testcase classname="testCases.Medicare_Detail" name="MedicareExpand" time="12.356"/>
  <testcase classname="testCases.Medicare_Detail" name="AddCPTFactorValidation" time="29.286"/>
  <testcase classname="testCases.Medicare_Detail" name="SearchAddedCode" time="2.172"/>
  <testcase classname="testCases.Medicare_Detail" name="EditCode" time="10.514"/>
  <testcase classname="testCases.Medicare_Detail" name="ExcelImportValidation" time="8.273"/>
  <testcase classname="testCases.Medicare_Detail" name="Download" time="2.27"/>
  <testcase classname="testCases.Medicare_Detail" name="VerifyInvalidUploadTemplate" time="6.151"/>
  <testcase classname="testCases.Medicare_Detail" name="VerifyValidUploadTemplate" time="16.417"/>
  <testcase classname="testCases.Medicare_Detail" name="deleteuploadedCPTFactor" time="22.725"/>
  <testcase classname="testCases.Medicare_Detail" name="multipleUpload" time="10.359"/>
  <testcase classname="testCases.Medicare_Detail" name="SortBillingMedicareCode" time="12.382"/>
  <testcase classname="testCases.Medicare_Detail" name="SaveSatus" time="4.102"/>
  <testcase classname="testCases.Medicare_Detail" name="SubmitSatus" time="8.29"/>
  <testcase classname="testCases.Medicare_Detail" name="RejectStatus" time="16.606"/>
  <testcase classname="testCases.Medicare_Detail" name="AuditHistory" time="8.322"/>
  <testcase classname="testCases.Medicare_Detail" name="CancelStatus" time="1.722"/>
  <testcase classname="testCases.Medicare_Detail" name="CloneCreatedRecord" time="67.78"/>
  <testcase classname="testCases.Medicare_Detail" name="DeleteMasterRecord" time="37.666"/>
</testsuite> <!-- Medicare Factor Schedule Detail Test cases -->
