<?xml version="1.0" encoding="UTF-8"?>
<!-- Generated by org.testng.reporters.JUnitXMLReporter -->
<testsuite ignored="1" hostname="PIL-L-L-21-032" failures="0" tests="20" name="OWCP Factor Schedule Detail Test cases" time="247.877" errors="0" timestamp="2021-06-15T11:20:51 IST">
  <testcase classname="testCases.OWCP_Detail" name="GoToAddOWCP" time="16.44"/>
  <testcase classname="testCases.OWCP_Detail" name="SearchOWCPRecord" time="17.5"/>
  <testcase classname="testCases.OWCP_Detail" name="GetRecord" time="2.762"/>
  <testcase classname="testCases.OWCP_Detail" name="OWCPExpand" time="12.369"/>
  <testcase classname="testCases.OWCP_Detail" name="AddCPTFactorValidation" time="29.271"/>
  <testcase classname="testCases.OWCP_Detail" name="SearchAddedCode" time="2.172"/>
  <testcase classname="testCases.OWCP_Detail" name="EditCode" time="10.495"/>
  <testcase classname="testCases.OWCP_Detail" name="ExcelImportValidation" time="8.278"/>
  <testcase classname="testCases.OWCP_Detail" name="Download" time="2.197"/>
  <testcase classname="testCases.OWCP_Detail" name="VerifyInvalidUploadTemplate" time="10.175"/>
  <testcase classname="testCases.OWCP_Detail" name="VerifyValidUploadTemplate" time="16.41"/>
  <testcase classname="testCases.OWCP_Detail" name="deleteuploadedCPTFactor" time="22.711"/>
  <testcase classname="testCases.OWCP_Detail" name="multipleUpload" time="10.364"/>
  <testcase classname="testCases.OWCP_Detail" name="SortBillingMedicareCode" time="12.389"/>
  <testcase classname="testCases.OWCP_Detail" name="SaveSatus" time="4.108"/>
  <testcase classname="testCases.OWCP_Detail" name="SubmitSatus" time="8.323"/>
  <testcase classname="testCases.OWCP_Detail" name="RejectStatus" time="16.612"/>
  <testcase classname="testCases.OWCP_Detail" name="AuditHistory" time="8.304"/>
  <testcase classname="testCases.OWCP_Detail" name="CancelStatus" time="1.701"/>
  <testcase classname="testCases.OWCP_Detail" name="DeleteMasterRecord" time="35.278"/>
  <testcase classname="testCases.OWCP_Detail" name="GoCPTDetails" time="0.0">
    <ignored/>
  </testcase> <!-- GoCPTDetails -->
</testsuite> <!-- OWCP Factor Schedule Detail Test cases -->
