<?xml version="1.0" encoding="UTF-8"?>
<!-- Generated by org.testng.reporters.JUnitXMLReporter -->
<testsuite ignored="3" hostname="PIL-L-L-21-032" failures="0" tests="22" name="Services Appointment Invoice Test cases" time="247.707" errors="0" timestamp="2021-06-15T11:27:07 IST">
  <testcase classname="testCases.Services_AppInvoice_Detail" name="AppInvoicedetails" time="0.0"/>
  <testcase classname="testCases.Services_AppInvoice_Detail" name="CheckServiceRecord" time="21.661"/>
  <testcase classname="testCases.Services_AppInvoice_Detail" name="getRecord" time="0.307"/>
  <testcase classname="testCases.Services_AppInvoice_Detail" name="GoToDetail" time="5.199"/>
  <testcase classname="testCases.Services_AppInvoice_Detail" name="VerifyExpand" time="24.938"/>
  <testcase classname="testCases.Services_AppInvoice_Detail" name="VerifySearch" time="2.679"/>
  <testcase classname="testCases.Services_AppInvoice_Detail" name="AddAdjustValidation" time="32.073"/>
  <testcase classname="testCases.Services_AppInvoice_Detail" name="AddAdjustByIcon" time="12.623"/>
  <testcase classname="testCases.Services_AppInvoice_Detail" name="Searchvalidation" time="4.238"/>
  <testcase classname="testCases.Services_AppInvoice_Detail" name="SearchValidRecord" time="0.366"/>
  <testcase classname="testCases.Services_AppInvoice_Detail" name="EditAdjustment" time="14.672"/>
  <testcase classname="testCases.Services_AppInvoice_Detail" name="DeleteAdjust" time="12.364"/>
  <testcase classname="testCases.Services_AppInvoice_Detail" name="AddAdjustByButton" time="6.227"/>
  <testcase classname="testCases.Services_AppInvoice_Detail" name="AddAdjustButtonValidation" time="24.05"/>
  <testcase classname="testCases.Services_AppInvoice_Detail" name="AddNewAdjust" time="12.652"/>
  <testcase classname="testCases.Services_AppInvoice_Detail" name="SearchWithInvalidAdjust" time="4.279"/>
  <testcase classname="testCases.Services_AppInvoice_Detail" name="EditNewAdjustment" time="14.505"/>
  <testcase classname="testCases.Services_AppInvoice_Detail" name="DeleteNewAdjust" time="12.308"/>
  <testcase classname="testCases.Services_AppInvoice_Detail" name="sortAdjustmenu" time="18.666"/>
  <testcase classname="testCases.Services_AppInvoice_Detail" name="sortInvoiceLine" time="16.758"/>
  <testcase classname="testCases.Services_AppInvoice_Detail" name="VerifyViewall" time="4.182"/>
  <testcase classname="testCases.Services_AppInvoice_Detail" name="canceldetail" time="2.939"/>
  <testcase classname="testCases.Services_AppInvoice_Detail" name="editedNewAdjustment" time="0.0">
    <ignored/>
  </testcase> <!-- editedNewAdjustment -->
  <testcase classname="testCases.Services_AppInvoice_Detail" name="editedAdjustment" time="0.0">
    <ignored/>
  </testcase> <!-- editedAdjustment -->
  <testcase classname="testCases.Services_AppInvoice_Detail" name="SearchwithValidNewAdjust" time="0.0">
    <ignored/>
  </testcase> <!-- SearchwithValidNewAdjust -->
</testsuite> <!-- Services Appointment Invoice Test cases -->
