<?xml version="1.0" encoding="UTF-8"?>
<!-- Generated by org.testng.reporters.JUnitXMLReporter -->
<testsuite ignored="0" hostname="PIL-L-L-21-032" failures="0" tests="11" name="Services List Test cases" time="128.443" errors="0" timestamp="2021-06-15T11:22:59 IST">
  <testcase classname="testCases.Services_List" name="clickServiceMenu" time="0.002"/>
  <testcase classname="testCases.Services_List" name="clickServices" time="2.591"/>
  <testcase classname="testCases.Services_List" name="verifyExpand" time="10.672"/>
  <testcase classname="testCases.Services_List" name="VerifyNoResult" time="29.577"/>
  <testcase classname="testCases.Services_List" name="clearsearch" time="2.22"/>
  <testcase classname="testCases.Services_List" name="VerifySort" time="37.204"/>
  <testcase classname="testCases.Services_List" name="VerifyPagination" time="8.228"/>
  <testcase classname="testCases.Services_List" name="VerifySearchResult" time="29.516"/>
  <testcase classname="testCases.Services_List" name="GetResult" time="0.406"/>
  <testcase classname="testCases.Services_List" name="GoToDetails" time="5.359"/>
  <testcase classname="testCases.Services_List" name="GoBackList" time="2.657"/>
</testsuite> <!-- Services List Test cases -->
