<?xml version="1.0" encoding="UTF-8"?>
<!-- Generated by org.testng.reporters.JUnitXMLReporter -->
<testsuite ignored="3" hostname="PIL-L-L-21-032" failures="0" tests="22" name="Services Event Invoice Test cases" time="236.028" errors="0" timestamp="2021-06-15T11:31:03 IST">
  <testcase classname="testCases.Services_EventInvoice_Detail" name="EventInvoicedetails" time="0.003"/>
  <testcase classname="testCases.Services_EventInvoice_Detail" name="CheckServiceRecord" time="21.11"/>
  <testcase classname="testCases.Services_EventInvoice_Detail" name="getRecord" time="0.308"/>
  <testcase classname="testCases.Services_EventInvoice_Detail" name="GoToDetail" time="4.982"/>
  <testcase classname="testCases.Services_EventInvoice_Detail" name="VerifyExpand" time="24.88"/>
  <testcase classname="testCases.Services_EventInvoice_Detail" name="VerifySearch" time="2.688"/>
  <testcase classname="testCases.Services_EventInvoice_Detail" name="AddAdjustValidation" time="32.143"/>
  <testcase classname="testCases.Services_EventInvoice_Detail" name="AddAdjustByIcon" time="12.469"/>
  <testcase classname="testCases.Services_EventInvoice_Detail" name="Searchvalidation" time="4.257"/>
  <testcase classname="testCases.Services_EventInvoice_Detail" name="SearchValidRecord" time="0.353"/>
  <testcase classname="testCases.Services_EventInvoice_Detail" name="EditAdjustment" time="14.468"/>
  <testcase classname="testCases.Services_EventInvoice_Detail" name="DeleteAdjust" time="12.348"/>
  <testcase classname="testCases.Services_EventInvoice_Detail" name="AddAdjustByButton" time="6.236"/>
  <testcase classname="testCases.Services_EventInvoice_Detail" name="AddAdjustButtonValidation" time="15.761"/>
  <testcase classname="testCases.Services_EventInvoice_Detail" name="AddNewAdjust" time="12.442"/>
  <testcase classname="testCases.Services_EventInvoice_Detail" name="SearchWithInvalidAdjust" time="4.252"/>
  <testcase classname="testCases.Services_EventInvoice_Detail" name="EditNewAdjustment" time="12.431"/>
  <testcase classname="testCases.Services_EventInvoice_Detail" name="DeleteNewAdjust" time="12.306"/>
  <testcase classname="testCases.Services_EventInvoice_Detail" name="sortAdjustmenu" time="18.648"/>
  <testcase classname="testCases.Services_EventInvoice_Detail" name="sortInvoiceLine" time="16.776"/>
  <testcase classname="testCases.Services_EventInvoice_Detail" name="VerifyViewall" time="4.191"/>
  <testcase classname="testCases.Services_EventInvoice_Detail" name="canceldetail" time="2.955"/>
  <testcase classname="testCases.Services_EventInvoice_Detail" name="SearchwithValidNewAdjust" time="0.0">
    <ignored/>
  </testcase> <!-- SearchwithValidNewAdjust -->
  <testcase classname="testCases.Services_EventInvoice_Detail" name="editedNewAdjustment" time="0.0">
    <ignored/>
  </testcase> <!-- editedNewAdjustment -->
  <testcase classname="testCases.Services_EventInvoice_Detail" name="editedAdjustment" time="0.0">
    <ignored/>
  </testcase> <!-- editedAdjustment -->
</testsuite> <!-- Services Event Invoice Test cases -->
