<?xml version="1.0" encoding="UTF-8"?>
<!-- Generated by org.testng.reporters.JUnitXMLReporter -->
<testsuite ignored="0" hostname="PIL-L-L-21-032" failures="0" tests="27" name="Services Appointment Payment Test cases" time="286.536" errors="0" timestamp="2021-06-15T11:35:50 IST">
  <testcase classname="testCases.Services_AppPayment_Detail" name="AppPaymentdetails" time="0.001"/>
  <testcase classname="testCases.Services_AppPayment_Detail" name="CheckServiceRecord" time="27.733"/>
  <testcase classname="testCases.Services_AppPayment_Detail" name="getRecord" time="0.439"/>
  <testcase classname="testCases.Services_AppPayment_Detail" name="GoToDetail" time="5.189"/>
  <testcase classname="testCases.Services_AppPayment_Detail" name="VerifyExpand" time="24.89"/>
  <testcase classname="testCases.Services_AppPayment_Detail" name="VerifySearch" time="4.555"/>
  <testcase classname="testCases.Services_AppPayment_Detail" name="AddAdjustValidation" time="29.037"/>
  <testcase classname="testCases.Services_AppPayment_Detail" name="AddPaymentAdjustByIcon" time="6.399"/>
  <testcase classname="testCases.Services_AppPayment_Detail" name="Searchvalidation" time="4.23"/>
  <testcase classname="testCases.Services_AppPayment_Detail" name="SearchValidRecord" time="2.347"/>
  <testcase classname="testCases.Services_AppPayment_Detail" name="EditAdjustment" time="8.244"/>
  <testcase classname="testCases.Services_AppPayment_Detail" name="EditedAdjust" time="6.343"/>
  <testcase classname="testCases.Services_AppPayment_Detail" name="DeleteAdjust" time="10.29"/>
  <testcase classname="testCases.Services_AppPayment_Detail" name="VerifyDelete" time="6.206"/>
  <testcase classname="testCases.Services_AppPayment_Detail" name="AddQuantityAdjust" time="16.665"/>
  <testcase classname="testCases.Services_AppPayment_Detail" name="AddPaymentQuantityAdjustByIcon" time="12.652"/>
  <testcase classname="testCases.Services_AppPayment_Detail" name="AddFlatAdjustByButton" time="6.215"/>
  <testcase classname="testCases.Services_AppPayment_Detail" name="AddAdjustButtonValidation" time="17.558"/>
  <testcase classname="testCases.Services_AppPayment_Detail" name="AddNewFlatAdjust" time="6.47"/>
  <testcase classname="testCases.Services_AppPayment_Detail" name="AddQuantityAdjustByButton" time="2.101"/>
  <testcase classname="testCases.Services_AppPayment_Detail" name="AddAdjustQuantityValidation" time="17.538"/>
  <testcase classname="testCases.Services_AppPayment_Detail" name="AddNewQuantityAdjust" time="12.429"/>
  <testcase classname="testCases.Services_AppPayment_Detail" name="sortAdjustmenu" time="20.789"/>
  <testcase classname="testCases.Services_AppPayment_Detail" name="sortPaymentLine" time="20.861"/>
  <testcase classname="testCases.Services_AppPayment_Detail" name="VerifyViewall" time="4.185"/>
  <testcase classname="testCases.Services_AppPayment_Detail" name="deleteAllAdjust" time="8.262"/>
  <testcase classname="testCases.Services_AppPayment_Detail" name="canceldetail" time="4.884"/>
</testsuite> <!-- Services Appointment Payment Test cases -->
