<?xml version="1.0" encoding="UTF-8"?>
<!-- Generated by org.testng.reporters.JUnitXMLReporter -->
<testsuite ignored="0" hostname="PIL-L-L-21-032" failures="0" tests="2" name="Unapplied Cash Posting Details Test cases" time="106.588" errors="0" timestamp="2021-06-15T12:12:13 IST">
  <testcase classname="testCases.Unapplied_Cash_Posting_Details_Report" name="clickReports" time="0.002"/>
  <testcase classname="testCases.Unapplied_Cash_Posting_Details_Report" name="clickunappliedcashpost" time="106.585"/>
</testsuite> <!-- Unapplied Cash Posting Details Test cases -->
