<?xml version="1.0" encoding="UTF-8"?>
<!-- Generated by org.testng.reporters.JUnitXMLReporter -->
<testsuite ignored="0" hostname="PIL-L-L-21-032" failures="0" tests="28" name="Unapplied Cash Postings Details Test cases" time="224.711" errors="0" timestamp="2021-06-15T11:53:51 IST">
  <testcase classname="testCases.Unapplied_Cash_Posting_Details" name="clickCashPostMenu" time="0.001"/>
  <testcase classname="testCases.Unapplied_Cash_Posting_Details" name="clickCashPost" time="0.001"/>
  <testcase classname="testCases.Unapplied_Cash_Posting_Details" name="verifySearch" time="9.045"/>
  <testcase classname="testCases.Unapplied_Cash_Posting_Details" name="cashpostingdetails" time="2.629"/>
  <testcase classname="testCases.Unapplied_Cash_Posting_Details" name="TakeScreenshot" time="0.109"/>
  <testcase classname="testCases.Unapplied_Cash_Posting_Details" name="VerifyPageLabel" time="2.033"/>
  <testcase classname="testCases.Unapplied_Cash_Posting_Details" name="VerifyExpand" time="12.366"/>
  <testcase classname="testCases.Unapplied_Cash_Posting_Details" name="VerifyUnsaveNo" time="24.221"/>
  <testcase classname="testCases.Unapplied_Cash_Posting_Details" name="VerifyUnsaveYes" time="8.291"/>
  <testcase classname="testCases.Unapplied_Cash_Posting_Details" name="clickAddInvoice" time="4.157"/>
  <testcase classname="testCases.Unapplied_Cash_Posting_Details" name="sortAddInvoicepopup" time="12.419"/>
  <testcase classname="testCases.Unapplied_Cash_Posting_Details" name="InvalidSearch" time="12.494"/>
  <testcase classname="testCases.Unapplied_Cash_Posting_Details" name="ValidSearch" time="10.503"/>
  <testcase classname="testCases.Unapplied_Cash_Posting_Details" name="AddAllInvoice" time="8.32"/>
  <testcase classname="testCases.Unapplied_Cash_Posting_Details" name="RemoveAll" time="12.406"/>
  <testcase classname="testCases.Unapplied_Cash_Posting_Details" name="VerifyConfirmInvWarn" time="2.092"/>
  <testcase classname="testCases.Unapplied_Cash_Posting_Details" name="AddValidInvoice" time="8.422"/>
  <testcase classname="testCases.Unapplied_Cash_Posting_Details" name="SelectInvoice" time="4.135"/>
  <testcase classname="testCases.Unapplied_Cash_Posting_Details" name="VerifySelectedInvoice" time="10.488"/>
  <testcase classname="testCases.Unapplied_Cash_Posting_Details" name="VerifyEnterAmountWarn" time="8.188"/>
  <testcase classname="testCases.Unapplied_Cash_Posting_Details" name="EnterAmountNow" time="4.169"/>
  <testcase classname="testCases.Unapplied_Cash_Posting_Details" name="CheckApplyPending" time="8.287"/>
  <testcase classname="testCases.Unapplied_Cash_Posting_Details" name="GoToList" time="13.923"/>
  <testcase classname="testCases.Unapplied_Cash_Posting_Details" name="Reversecashpostingdetails" time="2.833"/>
  <testcase classname="testCases.Unapplied_Cash_Posting_Details" name="ClickReversePost" time="8.254"/>
  <testcase classname="testCases.Unapplied_Cash_Posting_Details" name="GoToListforclose" time="10.917"/>
  <testcase classname="testCases.Unapplied_Cash_Posting_Details" name="GoToUnappliedCash" time="2.911"/>
  <testcase classname="testCases.Unapplied_Cash_Posting_Details" name="RefundClose" time="21.075"/>
</testsuite> <!-- Unapplied Cash Postings Details Test cases -->
