<?xml version="1.0" encoding="UTF-8"?>
<!-- Generated by org.testng.reporters.JUnitXMLReporter -->
<testsuite ignored="0" hostname="PIL-L-L-21-032" failures="0" tests="46" name="Vendor Invoice Details Test cases" time="449.957" errors="0" timestamp="2021-06-15T11:43:20 IST">
  <testcase classname="testCases.Vendor_Invoice_Details" name="clickVendorInvoice" time="2.888"/>
  <testcase classname="testCases.Vendor_Invoice_Details" name="verifyShippingSearch" time="21.286"/>
  <testcase classname="testCases.Vendor_Invoice_Details" name="cashpostingdetails" time="3.086"/>
  <testcase classname="testCases.Vendor_Invoice_Details" name="VerifyExpand" time="12.421"/>
  <testcase classname="testCases.Vendor_Invoice_Details" name="SearchInvoiceField" time="4.191"/>
  <testcase classname="testCases.Vendor_Invoice_Details" name="sortInvoiceGrid" time="12.413"/>
  <testcase classname="testCases.Vendor_Invoice_Details" name="ViewAll" time="4.182"/>
  <testcase classname="testCases.Vendor_Invoice_Details" name="VerifyReject" time="16.45"/>
  <testcase classname="testCases.Vendor_Invoice_Details" name="VerifyCancel" time="3.21"/>
  <testcase classname="testCases.Vendor_Invoice_Details" name="verifyTravelSearch" time="21.546"/>
  <testcase classname="testCases.Vendor_Invoice_Details" name="Traveldetails" time="2.673"/>
  <testcase classname="testCases.Vendor_Invoice_Details" name="VerifyTravelExpand" time="12.387"/>
  <testcase classname="testCases.Vendor_Invoice_Details" name="SearchTravelInvoiceField" time="4.188"/>
  <testcase classname="testCases.Vendor_Invoice_Details" name="sortTravelInvoiceGrid" time="12.402"/>
  <testcase classname="testCases.Vendor_Invoice_Details" name="TravelViewAll" time="4.189"/>
  <testcase classname="testCases.Vendor_Invoice_Details" name="VerifyTravelReject" time="16.445"/>
  <testcase classname="testCases.Vendor_Invoice_Details" name="VerifyTravelCancel" time="4.709"/>
  <testcase classname="testCases.Vendor_Invoice_Details" name="verifyVaccineSearch" time="21.566"/>
  <testcase classname="testCases.Vendor_Invoice_Details" name="Vaccinedetails" time="2.984"/>
  <testcase classname="testCases.Vendor_Invoice_Details" name="VerifyVaccineExpand" time="12.34"/>
  <testcase classname="testCases.Vendor_Invoice_Details" name="SearchVaccineInvoiceField" time="4.189"/>
  <testcase classname="testCases.Vendor_Invoice_Details" name="sortVaccineInvoiceGrid" time="12.383"/>
  <testcase classname="testCases.Vendor_Invoice_Details" name="VaccineViewAll" time="4.168"/>
  <testcase classname="testCases.Vendor_Invoice_Details" name="VerifyVaccineReject" time="16.494"/>
  <testcase classname="testCases.Vendor_Invoice_Details" name="VerifyVaccineCancel" time="4.942"/>
  <testcase classname="testCases.Vendor_Invoice_Details" name="verifyDiagnosticSearch" time="21.301"/>
  <testcase classname="testCases.Vendor_Invoice_Details" name="Diagnosticdetails" time="3.169"/>
  <testcase classname="testCases.Vendor_Invoice_Details" name="VerifyDiagnosticMatchedExpand" time="16.558"/>
  <testcase classname="testCases.Vendor_Invoice_Details" name="SearchDiagnosticMatchedInvoiceField" time="4.213"/>
  <testcase classname="testCases.Vendor_Invoice_Details" name="VerifyLink" time="4.231"/>
  <testcase classname="testCases.Vendor_Invoice_Details" name="sortDiagnosticMatchedInvoiceGrid" time="18.54"/>
  <testcase classname="testCases.Vendor_Invoice_Details" name="SearchMisMatchedInvoiceField" time="4.16"/>
  <testcase classname="testCases.Vendor_Invoice_Details" name="sortMisMatchedInvoiceGrid" time="16.561"/>
  <testcase classname="testCases.Vendor_Invoice_Details" name="DiagnosticMatchedViewAll" time="4.177"/>
  <testcase classname="testCases.Vendor_Invoice_Details" name="VerifyDiagnosticMatchedReject" time="16.519"/>
  <testcase classname="testCases.Vendor_Invoice_Details" name="VerifyDiagnosticMatchedCancel" time="4.612"/>
  <testcase classname="testCases.Vendor_Invoice_Details" name="verifyDiagnosticMismatchSearch" time="21.424"/>
  <testcase classname="testCases.Vendor_Invoice_Details" name="DiagnosticMismatchdetails" time="3.018"/>
  <testcase classname="testCases.Vendor_Invoice_Details" name="VerifyDiagnosticMismatchedExpand" time="16.55"/>
  <testcase classname="testCases.Vendor_Invoice_Details" name="SearchDiagnosticMismatchedInvoiceField" time="4.188"/>
  <testcase classname="testCases.Vendor_Invoice_Details" name="sortDiagnosticMismatchedInvoiceGrid" time="16.552"/>
  <testcase classname="testCases.Vendor_Invoice_Details" name="SearchDiagnosticMisMatchedInvoiceField" time="4.205"/>
  <testcase classname="testCases.Vendor_Invoice_Details" name="VerifyMismatchLink" time="4.242"/>
  <testcase classname="testCases.Vendor_Invoice_Details" name="sortDiagnosticMisMatchedInvoiceGrid" time="18.554"/>
  <testcase classname="testCases.Vendor_Invoice_Details" name="DiagnosticMismatchedViewAll" time="4.177"/>
  <testcase classname="testCases.Vendor_Invoice_Details" name="VerifyDiagnosticMismatchedCancel" time="5.224"/>
</testsuite> <!-- Vendor Invoice Details Test cases -->
