<?xml version="1.0" encoding="UTF-8"?>
<!-- Generated by org.testng.reporters.JUnitXMLReporter -->
<testsuite ignored="0" hostname="PIL-L-L-21-032" failures="0" tests="12" name="Default test" time="35.016" errors="0" timestamp="2021-04-28T11:03:13 IST">
  <testcase classname="testCases.Client_PricingSchedule_List" name="clicksetup" time="2.108"/>
  <testcase classname="testCases.Client_PricingSchedule_List" name="clickCPSMenu" time="5.786"/>
  <testcase classname="testCases.Client_PricingSchedule_List" name="ExpandCollapse" time="6.213"/>
  <testcase classname="testCases.Client_PricingSchedule_List" name="SelectClient" time="3.6"/>
  <testcase classname="testCases.Client_PricingSchedule_List" name="SelectLOB" time="2.114"/>
  <testcase classname="testCases.Client_PricingSchedule_List" name="SelectType" time="2.119"/>
  <testcase classname="testCases.Client_PricingSchedule_List" name="SelectStatus" time="2.117"/>
  <testcase classname="testCases.Client_PricingSchedule_List" name="SelectStartDate" time="2.191"/>
  <testcase classname="testCases.Client_PricingSchedule_List" name="SelectEndDate" time="2.202"/>
  <testcase classname="testCases.Client_PricingSchedule_List" name="ClickSearch" time="2.1"/>
  <testcase classname="testCases.Client_PricingSchedule_List" name="Searchresult" time="2.036"/>
  <testcase classname="testCases.Client_PricingSchedule_List" name="ClearSearch" time="2.381"/>
</testsuite> <!-- Default test -->
