<?xml version="1.0" encoding="UTF-8"?>
<testng-results ignored="0" total="2" passed="2" failed="0" skipped="0">
  <reporter-output>
  </reporter-output>
  <suite started-at="2021-05-14T14:09:03 IST" name="PIBS suite" finished-at="2021-05-14T14:10:31 IST" duration-ms="88088">
    <groups>
    </groups>
    <test started-at="2021-05-14T14:09:03 IST" name="Adjustment Report Test cases" finished-at="2021-05-14T14:10:31 IST" duration-ms="88088">
      <class name="testCases.Adjustments_Report">
        <test-method is-config="true" signature="launchBrowser()[pri:0, instance:testCases.Adjustments_Report@485966cc]" started-at="2021-05-14T14:08:58 IST" name="launchBrowser" finished-at="2021-05-14T14:09:03 IST" duration-ms="5325" status="PASS">
          <reporter-output>
          </reporter-output>
        </test-method> <!-- launchBrowser -->
        <test-method signature="clickReports()[pri:0, instance:testCases.Adjustments_Report@485966cc]" started-at="2021-05-14T14:09:03 IST" name="clickReports" finished-at="2021-05-14T14:09:06 IST" duration-ms="3118" status="PASS">
          <reporter-output>
          </reporter-output>
        </test-method> <!-- clickReports -->
        <test-method signature="AdjustReport()[pri:1, instance:testCases.Adjustments_Report@485966cc]" started-at="2021-05-14T14:09:06 IST" name="AdjustReport" finished-at="2021-05-14T14:10:31 IST" duration-ms="84942" status="PASS">
          <reporter-output>
          </reporter-output>
        </test-method> <!-- AdjustReport -->
        <test-method is-config="true" signature="tearDown()[pri:0, instance:testCases.Adjustments_Report@485966cc]" started-at="2021-05-14T14:10:31 IST" name="tearDown" finished-at="2021-05-14T14:10:34 IST" duration-ms="2456" status="PASS">
          <reporter-output>
          </reporter-output>
        </test-method> <!-- tearDown -->
      </class> <!-- testCases.Adjustments_Report -->
    </test> <!-- Adjustment Report Test cases -->
  </suite> <!-- PIBS suite -->
</testng-results>
