<?xml version="1.0" encoding="UTF-8"?>
<!-- Generated by org.testng.reporters.JUnitXMLReporter -->
<testsuite ignored="0" hostname="PIL-L-L-21-032" failures="0" tests="2" name="Adjustment Report Test cases" time="88.088" errors="0" timestamp="2021-05-14T14:10:31 IST">
  <testcase classname="testCases.Adjustments_Report" name="clickReports" time="3.118"/>
  <testcase classname="testCases.Adjustments_Report" name="AdjustReport" time="84.942"/>
</testsuite> <!-- Adjustment Report Test cases -->
