<?xml version="1.0" encoding="UTF-8"?>
<!-- Generated by org.testng.reporters.JUnitXMLReporter -->
<testsuite ignored="0" hostname="PIL-L-L-21-032" failures="0" tests="2" name="AR Aging Summary Test cases" time="66.363" errors="0" timestamp="2021-05-06T12:21:03 IST">
  <testcase classname="testCases.AR_Aging_Summary_Report" name="clickReports" time="3.101"/>
  <testcase classname="testCases.AR_Aging_Summary_Report" name="ARAgingSummary" time="63.236"/>
</testsuite> <!-- AR Aging Summary Test cases -->
