<?xml version="1.0" encoding="UTF-8"?>
<!-- Generated by org.testng.reporters.JUnitXMLReporter -->
<testsuite ignored="0" hostname="PIL-L-L-21-032" failures="0" tests="11" name="Client Contract Test cases" time="68.092" errors="0" timestamp="2021-04-21T13:04:24 IST">
  <testcase classname="testCases.Client_Contract_List" name="clicksetup" time="3.142"/>
  <testcase classname="testCases.Client_Contract_List" name="clientcontract" time="6.802"/>
  <testcase classname="testCases.Client_Contract_List" name="Selectid" time="5.161"/>
  <testcase classname="testCases.Client_Contract_List" name="selectlob" time="4.284"/>
  <testcase classname="testCases.Client_Contract_List" name="selectdate" time="8.557"/>
  <testcase classname="testCases.Client_Contract_List" name="searchsubmit" time="2.112"/>
  <testcase classname="testCases.Client_Contract_List" name="searchresult" time="3.116"/>
  <testcase classname="testCases.Client_Contract_List" name="clearsearch" time="2.406"/>
  <testcase classname="testCases.Client_Contract_List" name="sortcolumn" time="8.46"/>
  <testcase classname="testCases.Client_Contract_List" name="ccpagination" time="4.318"/>
  <testcase classname="testCases.Client_Contract_List" name="verifysearchresult" time="19.667"/>
</testsuite> <!-- Client Contract Test cases -->
