<?xml version="1.0" encoding="UTF-8"?>
<!-- Generated by org.testng.reporters.JUnitXMLReporter -->
<testsuite ignored="0" hostname="PIL-L-L-21-032" failures="0" tests="16" name="Client Contract Details Test cases" time="210.144" errors="0" timestamp="2021-04-27T17:09:22 IST">
  <testcase classname="testCases.Client_Contract_Details" name="clientdetails" time="4.382"/>
  <testcase classname="testCases.Client_Contract_Details" name="verifyexpandcollapse" time="18.657"/>
  <testcase classname="testCases.Client_Contract_Details" name="verifystatus" time="0.084"/>
  <testcase classname="testCases.Client_Contract_Details" name="verifyPOvalidationmsg" time="6.295"/>
  <testcase classname="testCases.Client_Contract_Details" name="verifyAddPO" time="12.743"/>
  <testcase classname="testCases.Client_Contract_Details" name="VerifyPOSearch" time="6.356"/>
  <testcase classname="testCases.Client_Contract_Details" name="VerifyEditPO" time="10.695"/>
  <testcase classname="testCases.Client_Contract_Details" name="deletePO" time="36.544"/>
  <testcase classname="testCases.Client_Contract_Details" name="verifyPOSorting" time="14.425"/>
  <testcase classname="testCases.Client_Contract_Details" name="verifyYOSorting" time="10.275"/>
  <testcase classname="testCases.Client_Contract_Details" name="VerifyViewall" time="4.257"/>
  <testcase classname="testCases.Client_Contract_Details" name="UpdateClientDetails" time="21.047"/>
  <testcase classname="testCases.Client_Contract_Details" name="SaveClientDetails" time="4.125"/>
  <testcase classname="testCases.Client_Contract_Details" name="SubmitClientDetails" time="4.308"/>
  <testcase classname="testCases.Client_Contract_Details" name="RejectClientDetails" time="8.325"/>
  <testcase classname="testCases.Client_Contract_Details" name="CDBatchupdate" time="47.593"/>
</testsuite> <!-- Client Contract Details Test cases -->
