<?xml version="1.0" encoding="UTF-8"?>
<!-- Generated by org.testng.reporters.JUnitXMLReporter -->
<testsuite ignored="0" hostname="PIL-L-L-21-032" failures="0" tests="20" name="Client Pricing Schedule Detail Test cases" time="231.099" errors="0" timestamp="2021-05-01T13:41:42 IST">
  <testcase classname="testCases.Client_PricingSchedule_Detail" name="CPSDetailTC" time="0.002"/>
  <testcase classname="testCases.Client_PricingSchedule_Detail" name="SearchRecord" time="20.039"/>
  <testcase classname="testCases.Client_PricingSchedule_Detail" name="GoDetails" time="2.884"/>
  <testcase classname="testCases.Client_PricingSchedule_Detail" name="CLINExpand" time="10.288"/>
  <testcase classname="testCases.Client_PricingSchedule_Detail" name="AddBillingClinValidation" time="22.18"/>
  <testcase classname="testCases.Client_PricingSchedule_Detail" name="BillclinSearch" time="2.255"/>
  <testcase classname="testCases.Client_PricingSchedule_Detail" name="Editclinbill" time="12.703"/>
  <testcase classname="testCases.Client_PricingSchedule_Detail" name="ValidateExcelImport" time="6.197"/>
  <testcase classname="testCases.Client_PricingSchedule_Detail" name="VerifyDownload" time="7.735"/>
  <testcase classname="testCases.Client_PricingSchedule_Detail" name="VerifyInvalidUploadTemplate" time="6.358"/>
  <testcase classname="testCases.Client_PricingSchedule_Detail" name="VerifyValidUploadTemplate" time="14.471"/>
  <testcase classname="testCases.Client_PricingSchedule_Detail" name="SortBillingClinCode" time="16.546"/>
  <testcase classname="testCases.Client_PricingSchedule_Detail" name="deleteuploadedClin" time="8.444"/>
  <testcase classname="testCases.Client_PricingSchedule_Detail" name="SaveSatus" time="4.132"/>
  <testcase classname="testCases.Client_PricingSchedule_Detail" name="SubmitSatus" time="4.178"/>
  <testcase classname="testCases.Client_PricingSchedule_Detail" name="RejectStatus" time="12.566"/>
  <testcase classname="testCases.Client_PricingSchedule_Detail" name="AuditHistory" time="8.395"/>
  <testcase classname="testCases.Client_PricingSchedule_Detail" name="CancelStatus" time="0.703"/>
  <testcase classname="testCases.Client_PricingSchedule_Detail" name="CloneCreatedRecord" time="37.161"/>
  <testcase classname="testCases.Client_PricingSchedule_Detail" name="DeleteMasterRecord" time="33.828"/>
</testsuite> <!-- Client Pricing Schedule Detail Test cases -->
