<?xml version="1.0" encoding="UTF-8"?>
<!-- Generated by org.testng.reporters.JUnitXMLReporter -->
<testsuite ignored="0" hostname="PIL-L-L-21-032" failures="0" tests="11" name="Client Contract Listing Test cases" time="72.941" errors="0" timestamp="2021-04-27T17:05:52 IST">
  <testcase classname="testCases.Client_Contract_List" name="clicksetup" time="2.15"/>
  <testcase classname="testCases.Client_Contract_List" name="clientcontract" time="10.27"/>
  <testcase classname="testCases.Client_Contract_List" name="Selectid" time="5.252"/>
  <testcase classname="testCases.Client_Contract_List" name="selectlob" time="4.329"/>
  <testcase classname="testCases.Client_Contract_List" name="selectdate" time="8.651"/>
  <testcase classname="testCases.Client_Contract_List" name="searchsubmit" time="2.11"/>
  <testcase classname="testCases.Client_Contract_List" name="searchresult" time="3.061"/>
  <testcase classname="testCases.Client_Contract_List" name="clearsearch" time="2.281"/>
  <testcase classname="testCases.Client_Contract_List" name="sortcolumn" time="8.478"/>
  <testcase classname="testCases.Client_Contract_List" name="ccpagination" time="4.309"/>
  <testcase classname="testCases.Client_Contract_List" name="verifysearchresult" time="21.984"/>
</testsuite> <!-- Client Contract Listing Test cases -->
