<?xml version="1.0" encoding="UTF-8"?>
<!-- Generated by org.testng.reporters.JUnitXMLReporter -->
<testsuite ignored="0" hostname="PIL-L-L-21-032" failures="0" tests="3" name="Dummy" time="12.382" errors="0" timestamp="2021-04-21T12:27:33 IST">
  <testcase classname="testCases.Dummy" name="clicksetup" time="3.167"/>
  <testcase classname="testCases.Dummy" name="clientcontract" time="7.093"/>
  <testcase classname="testCases.Dummy" name="Selectid" time="2.073"/>
</testsuite> <!-- Dummy -->
