<?xml version="1.0" encoding="UTF-8"?>
<!-- Generated by org.testng.reporters.JUnitXMLReporter -->
<testsuite ignored="0" hostname="PIL-L-L-21-032" failures="0" tests="20" name="Medicare Factor Schedule Detail Test cases" time="221.519" errors="0" timestamp="2021-05-04T19:01:19 IST">
  <testcase classname="testCases.Medicare_Detail" name="MedicareDetailTC" time="0.001"/>
  <testcase classname="testCases.Medicare_Detail" name="MedicareSearchRecord" time="17.727"/>
  <testcase classname="testCases.Medicare_Detail" name="GoDetails" time="3.05"/>
  <testcase classname="testCases.Medicare_Detail" name="MedicareExpand" time="12.386"/>
  <testcase classname="testCases.Medicare_Detail" name="AddCPTFactorValidation" time="19.24"/>
  <testcase classname="testCases.Medicare_Detail" name="SearchAddedCode" time="2.244"/>
  <testcase classname="testCases.Medicare_Detail" name="EditCode" time="10.689"/>
  <testcase classname="testCases.Medicare_Detail" name="ExcelImportValidation" time="4.185"/>
  <testcase classname="testCases.Medicare_Detail" name="Download" time="3.599"/>
  <testcase classname="testCases.Medicare_Detail" name="VerifyInvalidUploadTemplate" time="6.378"/>
  <testcase classname="testCases.Medicare_Detail" name="VerifyValidUploadTemplate" time="16.594"/>
  <testcase classname="testCases.Medicare_Detail" name="SortBillingMedicareCode" time="12.399"/>
  <testcase classname="testCases.Medicare_Detail" name="deleteuploadedCPTFactor" time="14.665"/>
  <testcase classname="testCases.Medicare_Detail" name="SaveSatus" time="4.127"/>
  <testcase classname="testCases.Medicare_Detail" name="SubmitSatus" time="4.164"/>
  <testcase classname="testCases.Medicare_Detail" name="RejectStatus" time="12.539"/>
  <testcase classname="testCases.Medicare_Detail" name="AuditHistory" time="8.409"/>
  <testcase classname="testCases.Medicare_Detail" name="CancelStatus" time="0.851"/>
  <testcase classname="testCases.Medicare_Detail" name="CloneCreatedRecord" time="34.362"/>
  <testcase classname="testCases.Medicare_Detail" name="DeleteMasterRecord" time="33.874"/>
</testsuite> <!-- Medicare Factor Schedule Detail Test cases -->
