<?xml version="1.0" encoding="UTF-8"?>
<!-- Generated by org.testng.reporters.JUnitXMLReporter -->
<testsuite ignored="0" hostname="PIL-L-L-21-032" failures="0" tests="20" name="OWCP Factor Schedule Detail Test cases" time="206.476" errors="0" timestamp="2021-05-05T12:31:32 IST">
  <testcase classname="testCases.OWCP_Detail" name="GoToAddOWCP" time="21.051"/>
  <testcase classname="testCases.OWCP_Detail" name="SearchOWCPRecord" time="17.634"/>
  <testcase classname="testCases.OWCP_Detail" name="GetRecord" time="0.009"/>
  <testcase classname="testCases.OWCP_Detail" name="GoCPTDetails" time="2.587"/>
  <testcase classname="testCases.OWCP_Detail" name="OWCPExpand" time="12.338"/>
  <testcase classname="testCases.OWCP_Detail" name="AddCPTFactorValidation" time="19.01"/>
  <testcase classname="testCases.OWCP_Detail" name="SearchAddedCode" time="2.197"/>
  <testcase classname="testCases.OWCP_Detail" name="EditCode" time="10.55"/>
  <testcase classname="testCases.OWCP_Detail" name="ExcelImportValidation" time="4.164"/>
  <testcase classname="testCases.OWCP_Detail" name="Download" time="2.174"/>
  <testcase classname="testCases.OWCP_Detail" name="VerifyInvalidUploadTemplate" time="10.261"/>
  <testcase classname="testCases.OWCP_Detail" name="VerifyValidUploadTemplate" time="16.549"/>
  <testcase classname="testCases.OWCP_Detail" name="SortBillingMedicareCode" time="12.393"/>
  <testcase classname="testCases.OWCP_Detail" name="deleteuploadedCPTFactor" time="14.557"/>
  <testcase classname="testCases.OWCP_Detail" name="SaveSatus" time="4.114"/>
  <testcase classname="testCases.OWCP_Detail" name="SubmitSatus" time="4.167"/>
  <testcase classname="testCases.OWCP_Detail" name="RejectStatus" time="12.47"/>
  <testcase classname="testCases.OWCP_Detail" name="AuditHistory" time="8.326"/>
  <testcase classname="testCases.OWCP_Detail" name="CancelStatus" time="0.411"/>
  <testcase classname="testCases.OWCP_Detail" name="DeleteMasterRecord" time="31.46"/>
</testsuite> <!-- OWCP Factor Schedule Detail Test cases -->
