<?xml version="1.0" encoding="UTF-8"?>
<!-- Generated by org.testng.reporters.JUnitXMLReporter -->
<testsuite ignored="0" hostname="PIL-L-L-21-032" failures="0" tests="27" name="Services Appointment Payment Test cases" time="270.272" errors="0" timestamp="2021-05-13T11:34:35 IST">
  <testcase classname="testCases.Services_AppPayment_Detail" name="AppPaymentdetails" time="2.614"/>
  <testcase classname="testCases.Services_AppPayment_Detail" name="CheckServiceRecord" time="28.656"/>
  <testcase classname="testCases.Services_AppPayment_Detail" name="getRecord" time="0.668"/>
  <testcase classname="testCases.Services_AppPayment_Detail" name="GoToDetail" time="4.965"/>
  <testcase classname="testCases.Services_AppPayment_Detail" name="VerifyExpand" time="24.933"/>
  <testcase classname="testCases.Services_AppPayment_Detail" name="VerifySearch" time="4.612"/>
  <testcase classname="testCases.Services_AppPayment_Detail" name="AddAdjustValidation" time="24.964"/>
  <testcase classname="testCases.Services_AppPayment_Detail" name="AddPaymentAdjustByIcon" time="6.284"/>
  <testcase classname="testCases.Services_AppPayment_Detail" name="Searchvalidation" time="4.255"/>
  <testcase classname="testCases.Services_AppPayment_Detail" name="SearchValidRecord" time="2.361"/>
  <testcase classname="testCases.Services_AppPayment_Detail" name="EditAdjustment" time="8.429"/>
  <testcase classname="testCases.Services_AppPayment_Detail" name="EditedAdjust" time="6.442"/>
  <testcase classname="testCases.Services_AppPayment_Detail" name="DeleteAdjust" time="6.179"/>
  <testcase classname="testCases.Services_AppPayment_Detail" name="VerifyDelete" time="6.253"/>
  <testcase classname="testCases.Services_AppPayment_Detail" name="AddQuantityAdjust" time="16.817"/>
  <testcase classname="testCases.Services_AppPayment_Detail" name="AddPaymentQuantityAdjustByIcon" time="8.349"/>
  <testcase classname="testCases.Services_AppPayment_Detail" name="AddFlatAdjustByButton" time="2.074"/>
  <testcase classname="testCases.Services_AppPayment_Detail" name="AddAdjustButtonValidation" time="17.603"/>
  <testcase classname="testCases.Services_AppPayment_Detail" name="AddNewFlatAdjust" time="6.522"/>
  <testcase classname="testCases.Services_AppPayment_Detail" name="AddQuantityAdjustByButton" time="2.07"/>
  <testcase classname="testCases.Services_AppPayment_Detail" name="AddAdjustQuantityValidation" time="17.548"/>
  <testcase classname="testCases.Services_AppPayment_Detail" name="AddNewQuantityAdjust" time="8.414"/>
  <testcase classname="testCases.Services_AppPayment_Detail" name="sortAdjustmenu" time="20.846"/>
  <testcase classname="testCases.Services_AppPayment_Detail" name="sortPaymentLine" time="20.899"/>
  <testcase classname="testCases.Services_AppPayment_Detail" name="VerifyViewall" time="4.197"/>
  <testcase classname="testCases.Services_AppPayment_Detail" name="deleteAllAdjust" time="8.294"/>
  <testcase classname="testCases.Services_AppPayment_Detail" name="canceldetail" time="4.951"/>
</testsuite> <!-- Services Appointment Payment Test cases -->
