<?xml version="1.0" encoding="UTF-8"?>
<!-- Generated by org.testng.reporters.JUnitXMLReporter -->
<testsuite ignored="0" hostname="PIL-L-L-21-032" failures="0" tests="12" name="Services Cash Postings Test cases" time="104.408" errors="0" timestamp="2021-05-13T19:07:46 IST">
  <testcase classname="testCases.Cash_Postings_List" name="clickServiceMenu" time="0.007"/>
  <testcase classname="testCases.Cash_Postings_List" name="clickCashPost" time="3.058"/>
  <testcase classname="testCases.Cash_Postings_List" name="verifyExpand" time="10.409"/>
  <testcase classname="testCases.Cash_Postings_List" name="VerifyNoResult" time="18.153"/>
  <testcase classname="testCases.Cash_Postings_List" name="clearsearch" time="2.23"/>
  <testcase classname="testCases.Cash_Postings_List" name="VerifySort" time="20.838"/>
  <testcase classname="testCases.Cash_Postings_List" name="VerifyPagination" time="8.345"/>
  <testcase classname="testCases.Cash_Postings_List" name="VerifySearchResult" time="17.248"/>
  <testcase classname="testCases.Cash_Postings_List" name="GetResult" time="0.414"/>
  <testcase classname="testCases.Cash_Postings_List" name="GoToDetails" time="5.046"/>
  <testcase classname="testCases.Cash_Postings_List" name="GoBackList" time="2.74"/>
  <testcase classname="testCases.Cash_Postings_List" name="VerifyAddNewvalidation" time="15.876"/>
</testsuite> <!-- Services Cash Postings Test cases -->
