<?xml version="1.0" encoding="UTF-8"?>
<!-- Generated by org.testng.reporters.JUnitXMLReporter -->
<testsuite ignored="0" hostname="PIL-L-L-21-032" failures="0" tests="11" name="Services List Test cases" time="118.452" errors="0" timestamp="2021-05-07T15:36:14 IST">
  <testcase classname="testCases.Services_List" name="clickServiceMenu" time="0.016"/>
  <testcase classname="testCases.Services_List" name="clickServices" time="2.804"/>
  <testcase classname="testCases.Services_List" name="verifyExpand" time="10.532"/>
  <testcase classname="testCases.Services_List" name="VerifyNoResult" time="32.301"/>
  <testcase classname="testCases.Services_List" name="clearsearch" time="2.319"/>
  <testcase classname="testCases.Services_List" name="VerifySort" time="23.169"/>
  <testcase classname="testCases.Services_List" name="VerifyPagination" time="8.361"/>
  <testcase classname="testCases.Services_List" name="VerifySearchResult" time="30.188"/>
  <testcase classname="testCases.Services_List" name="GetResult" time="0.594"/>
  <testcase classname="testCases.Services_List" name="GoToDetails" time="5.124"/>
  <testcase classname="testCases.Services_List" name="GoBackList" time="2.982"/>
</testsuite> <!-- Services List Test cases -->
