<?xml version="1.0" encoding="UTF-8"?>
<!-- Generated by org.testng.reporters.JUnitXMLReporter -->
<testsuite ignored="0" hostname="PIL-L-L-21-032" failures="0" tests="25" name="Services Event Invoice Test cases" time="210.337" errors="0" timestamp="2021-05-10T16:55:00 IST">
  <testcase classname="testCases.Services_EventInvoice_Detail" name="EventInvoicedetails" time="5.471"/>
  <testcase classname="testCases.Services_EventInvoice_Detail" name="CheckServiceRecord" time="22.234"/>
  <testcase classname="testCases.Services_EventInvoice_Detail" name="getRecord" time="0.504"/>
  <testcase classname="testCases.Services_EventInvoice_Detail" name="GoToDetail" time="7.999"/>
  <testcase classname="testCases.Services_EventInvoice_Detail" name="VerifyExpand" time="24.961"/>
  <testcase classname="testCases.Services_EventInvoice_Detail" name="VerifySearch" time="2.83"/>
  <testcase classname="testCases.Services_EventInvoice_Detail" name="AddAdjustValidation" time="17.743"/>
  <testcase classname="testCases.Services_EventInvoice_Detail" name="AddAdjustByIcon" time="8.368"/>
  <testcase classname="testCases.Services_EventInvoice_Detail" name="Searchvalidation" time="4.275"/>
  <testcase classname="testCases.Services_EventInvoice_Detail" name="SearchValidRecord" time="0.366"/>
  <testcase classname="testCases.Services_EventInvoice_Detail" name="EditAdjustment" time="10.399"/>
  <testcase classname="testCases.Services_EventInvoice_Detail" name="editedAdjustment" time="0.375"/>
  <testcase classname="testCases.Services_EventInvoice_Detail" name="DeleteAdjust" time="8.46"/>
  <testcase classname="testCases.Services_EventInvoice_Detail" name="AddAdjustByButton" time="2.099"/>
  <testcase classname="testCases.Services_EventInvoice_Detail" name="AddAdjustButtonValidation" time="15.639"/>
  <testcase classname="testCases.Services_EventInvoice_Detail" name="AddNewAdjust" time="8.347"/>
  <testcase classname="testCases.Services_EventInvoice_Detail" name="SearchWithInvalidAdjust" time="4.229"/>
  <testcase classname="testCases.Services_EventInvoice_Detail" name="SearchwithValidNewAdjust" time="0.362"/>
  <testcase classname="testCases.Services_EventInvoice_Detail" name="EditNewAdjustment" time="8.325"/>
  <testcase classname="testCases.Services_EventInvoice_Detail" name="editedNewAdjustment" time="0.431"/>
  <testcase classname="testCases.Services_EventInvoice_Detail" name="DeleteNewAdjust" time="8.412"/>
  <testcase classname="testCases.Services_EventInvoice_Detail" name="sortAdjustmenu" time="18.672"/>
  <testcase classname="testCases.Services_EventInvoice_Detail" name="sortInvoiceLine" time="16.765"/>
  <testcase classname="testCases.Services_EventInvoice_Detail" name="VerifyViewall" time="6.724"/>
  <testcase classname="testCases.Services_EventInvoice_Detail" name="canceldetail" time="6.27"/>
</testsuite> <!-- Services Event Invoice Test cases -->
