<?xml version="1.0" encoding="UTF-8"?>
<!-- Generated by org.testng.reporters.JUnitXMLReporter -->
<testsuite ignored="0" hostname="PIL-L-L-21-032" failures="0" tests="2" name="Unbilling Services Test cases" time="66.593" errors="0" timestamp="2021-05-14T10:50:09 IST">
  <testcase classname="testCases.Unbilling_Services_Report" name="clickReports" time="3.156"/>
  <testcase classname="testCases.Unbilling_Services_Report" name="UnbillingServices" time="63.393"/>
</testsuite> <!-- Unbilling Services Test cases -->
